{"C:\\Users\\Arthur HASS\\Desktop\\DivProtocol-Exo\\exo3-codebase\\src\\app.module.ts": {"path":"C:\\Users\\Arthur HASS\\Desktop\\DivProtocol-Exo\\exo3-codebase\\src\\app.module.ts","statementMap":{"0":{"start":{"line":1,"column":0},"end":{"line":1,"column":40}},"1":{"start":{"line":2,"column":0},"end":{"line":2,"column":61}},"2":{"start":{"line":3,"column":0},"end":{"line":3,"column":48}},"3":{"start":{"line":4,"column":0},"end":{"line":4,"column":43}},"4":{"start":{"line":5,"column":0},"end":{"line":5,"column":63}},"5":{"start":{"line":6,"column":0},"end":{"line":6,"column":55}},"6":{"start":{"line":8,"column":14},"end":{"line":8,"column":54}},"7":{"start":{"line":38,"column":7},"end":{"line":38,"column":null}},"8":{"start":{"line":38,"column":13},"end":{"line":38,"column":22}},"9":{"start":{"line":38,"column":13},"end":{"line":38,"column":null}},"10":{"start":{"line":22,"column":46},"end":{"line":32,"column":8}}},"fnMap":{"0":{"name":"(anonymous_1)","decl":{"start":{"line":22,"column":18},"end":{"line":22,"column":19}},"loc":{"start":{"line":22,"column":46},"end":{"line":32,"column":8}}}},"branchMap":{"0":{"loc":{"start":{"line":17,"column":25},"end":{"line":17,"column":128}},"type":"cond-expr","locations":[{"start":{"line":17,"column":33},"end":{"line":17,"column":123}},{"start":{"line":17,"column":126},"end":{"line":17,"column":128}}]}},"s":{"0":0,"1":0,"2":0,"3":0,"4":0,"5":0,"6":0,"7":0,"8":0,"9":0,"10":0},"f":{"0":0},"b":{"0":[0,0]}}
,"C:\\Users\\Arthur HASS\\Desktop\\DivProtocol-Exo\\exo3-codebase\\src\\main.ts": {"path":"C:\\Users\\Arthur HASS\\Desktop\\DivProtocol-Exo\\exo3-codebase\\src\\main.ts","statementMap":{"0":{"start":{"line":1,"column":0},"end":{"line":1,"column":43}},"1":{"start":{"line":2,"column":0},"end":{"line":2,"column":48}},"2":{"start":{"line":3,"column":0},"end":{"line":3,"column":37}},"3":{"start":{"line":4,"column":0},"end":{"line":4,"column":65}},"4":{"start":{"line":5,"column":0},"end":{"line":5,"column":41}},"5":{"start":{"line":8,"column":14},"end":{"line":8,"column":71}},"6":{"start":{"line":10,"column":2},"end":{"line":10,"column":33}},"7":{"start":{"line":12,"column":2},"end":{"line":18,"column":4}},"8":{"start":{"line":21,"column":17},"end":{"line":29,"column":12}},"9":{"start":{"line":31,"column":19},"end":{"line":31,"column":60}},"10":{"start":{"line":32,"column":2},"end":{"line":36,"column":5}},"11":{"start":{"line":38,"column":15},"end":{"line":38,"column":42}},"12":{"start":{"line":39,"column":2},"end":{"line":39,"column":25}},"13":{"start":{"line":42,"column":0},"end":{"line":42,"column":12}}},"fnMap":{"0":{"name":"bootstrap","decl":{"start":{"line":7,"column":15},"end":{"line":7,"column":24}},"loc":{"start":{"line":7,"column":24},"end":{"line":40,"column":1}}}},"branchMap":{"0":{"loc":{"start":{"line":38,"column":15},"end":{"line":38,"column":42}},"type":"binary-expr","locations":[{"start":{"line":38,"column":15},"end":{"line":38,"column":34}},{"start":{"line":38,"column":38},"end":{"line":38,"column":42}}]}},"s":{"0":0,"1":0,"2":0,"3":0,"4":0,"5":0,"6":0,"7":0,"8":0,"9":0,"10":0,"11":0,"12":0,"13":0},"f":{"0":0},"b":{"0":[0,0]}}
,"C:\\Users\\Arthur HASS\\Desktop\\DivProtocol-Exo\\exo3-codebase\\src\\documents\\document.entity.ts": {"path":"C:\\Users\\Arthur HASS\\Desktop\\DivProtocol-Exo\\exo3-codebase\\src\\documents\\document.entity.ts","statementMap":{"0":{"start":{"line":1,"column":0},"end":{"line":1,"column":101}},"1":{"start":{"line":2,"column":0},"end":{"line":2,"column":62}},"2":{"start":{"line":3,"column":0},"end":{"line":3,"column":58}},"3":{"start":{"line":6,"column":7},"end":{"line":36,"column":null}},"4":{"start":{"line":6,"column":13},"end":{"line":6,"column":21}},"5":{"start":{"line":8,"column":2},"end":{"line":8,"column":null}},"6":{"start":{"line":11,"column":2},"end":{"line":11,"column":null}},"7":{"start":{"line":14,"column":2},"end":{"line":14,"column":null}},"8":{"start":{"line":17,"column":2},"end":{"line":17,"column":null}},"9":{"start":{"line":20,"column":2},"end":{"line":20,"column":null}},"10":{"start":{"line":23,"column":2},"end":{"line":23,"column":null}},"11":{"start":{"line":26,"column":2},"end":{"line":26,"column":null}},"12":{"start":{"line":29,"column":2},"end":{"line":29,"column":null}},"13":{"start":{"line":32,"column":2},"end":{"line":32,"column":null}},"14":{"start":{"line":35,"column":2},"end":{"line":35,"column":null}},"15":{"start":{"line":6,"column":13},"end":{"line":36,"column":null}}},"fnMap":{},"branchMap":{},"s":{"0":1,"1":1,"2":1,"3":1,"4":1,"5":1,"6":1,"7":1,"8":1,"9":1,"10":1,"11":1,"12":1,"13":1,"14":1,"15":1},"f":{},"b":{}}
,"C:\\Users\\Arthur HASS\\Desktop\\DivProtocol-Exo\\exo3-codebase\\src\\documents\\documents.controller.ts": {"path":"C:\\Users\\Arthur HASS\\Desktop\\DivProtocol-Exo\\exo3-codebase\\src\\documents\\documents.controller.ts","statementMap":{"0":{"start":{"line":1,"column":0},"end":{"line":1,"column":90}},"1":{"start":{"line":2,"column":0},"end":{"line":2,"column":89}},"2":{"start":{"line":3,"column":0},"end":{"line":3,"column":55}},"3":{"start":{"line":4,"column":0},"end":{"line":4,"column":58}},"4":{"start":{"line":5,"column":0},"end":{"line":5,"column":62}},"5":{"start":{"line":6,"column":0},"end":{"line":6,"column":60}},"6":{"start":{"line":7,"column":0},"end":{"line":7,"column":62}},"7":{"start":{"line":8,"column":0},"end":{"line":8,"column":62}},"8":{"start":{"line":9,"column":0},"end":{"line":9,"column":58}},"9":{"start":{"line":13,"column":7},"end":{"line":92,"column":null}},"10":{"start":{"line":14,"column":31},"end":{"line":14,"column":49}},"11":{"start":{"line":25,"column":4},"end":{"line":25,"column":48}},"12":{"start":{"line":34,"column":4},"end":{"line":34,"column":56}},"13":{"start":{"line":41,"column":4},"end":{"line":41,"column":44}},"14":{"start":{"line":50,"column":4},"end":{"line":50,"column":45}},"15":{"start":{"line":58,"column":4},"end":{"line":58,"column":45}},"16":{"start":{"line":67,"column":4},"end":{"line":67,"column":49}},"17":{"start":{"line":80,"column":4},"end":{"line":80,"column":55}},"18":{"start":{"line":90,"column":4},"end":{"line":90,"column":44}},"19":{"start":{"line":13,"column":13},"end":{"line":13,"column":32}},"20":{"start":{"line":24,"column":2},"end":{"line":26,"column":null}},"21":{"start":{"line":33,"column":2},"end":{"line":35,"column":null}},"22":{"start":{"line":40,"column":2},"end":{"line":42,"column":null}},"23":{"start":{"line":49,"column":2},"end":{"line":51,"column":null}},"24":{"start":{"line":57,"column":2},"end":{"line":59,"column":null}},"25":{"start":{"line":66,"column":2},"end":{"line":68,"column":null}},"26":{"start":{"line":79,"column":2},"end":{"line":81,"column":null}},"27":{"start":{"line":89,"column":8},"end":{"line":91,"column":null}},"28":{"start":{"line":13,"column":13},"end":{"line":92,"column":null}}},"fnMap":{"0":{"name":"(anonymous_4)","decl":{"start":{"line":14,"column":2},"end":{"line":14,"column":31}},"loc":{"start":{"line":14,"column":65},"end":{"line":14,"column":70}}},"1":{"name":"(anonymous_5)","decl":{"start":{"line":24,"column":2},"end":{"line":24,"column":9}},"loc":{"start":{"line":24,"column":42},"end":{"line":26,"column":3}}},"2":{"name":"(anonymous_6)","decl":{"start":{"line":33,"column":2},"end":{"line":33,"column":8}},"loc":{"start":{"line":33,"column":62},"end":{"line":35,"column":3}}},"3":{"name":"(anonymous_7)","decl":{"start":{"line":40,"column":2},"end":{"line":40,"column":10}},"loc":{"start":{"line":40,"column":10},"end":{"line":42,"column":3}}},"4":{"name":"(anonymous_8)","decl":{"start":{"line":49,"column":2},"end":{"line":49,"column":9}},"loc":{"start":{"line":49,"column":33},"end":{"line":51,"column":3}}},"5":{"name":"(anonymous_9)","decl":{"start":{"line":57,"column":2},"end":{"line":57,"column":8}},"loc":{"start":{"line":57,"column":39},"end":{"line":59,"column":3}}},"6":{"name":"(anonymous_10)","decl":{"start":{"line":66,"column":2},"end":{"line":66,"column":8}},"loc":{"start":{"line":66,"column":64},"end":{"line":68,"column":3}}},"7":{"name":"(anonymous_11)","decl":{"start":{"line":79,"column":2},"end":{"line":79,"column":14}},"loc":{"start":{"line":79,"column":68},"end":{"line":81,"column":3}}},"8":{"name":"(anonymous_12)","decl":{"start":{"line":89,"column":2},"end":{"line":89,"column":7}},"loc":{"start":{"line":89,"column":38},"end":{"line":91,"column":3}}}},"branchMap":{"0":{"loc":{"start":{"line":34,"column":40},"end":{"line":34,"column":47}},"type":"binary-expr","locations":[{"start":{"line":34,"column":40},"end":{"line":34,"column":41}},{"start":{"line":34,"column":45},"end":{"line":34,"column":47}}]}},"s":{"0":0,"1":0,"2":0,"3":0,"4":0,"5":0,"6":0,"7":0,"8":0,"9":0,"10":0,"11":0,"12":0,"13":0,"14":0,"15":0,"16":0,"17":0,"18":0,"19":0,"20":0,"21":0,"22":0,"23":0,"24":0,"25":0,"26":0,"27":0,"28":0},"f":{"0":0,"1":0,"2":0,"3":0,"4":0,"5":0,"6":0,"7":0,"8":0},"b":{"0":[0,0]}}
,"C:\\Users\\Arthur HASS\\Desktop\\DivProtocol-Exo\\exo3-codebase\\src\\documents\\documents.module.ts": {"path":"C:\\Users\\Arthur HASS\\Desktop\\DivProtocol-Exo\\exo3-codebase\\src\\documents\\documents.module.ts","statementMap":{"0":{"start":{"line":1,"column":0},"end":{"line":1,"column":40}},"1":{"start":{"line":2,"column":0},"end":{"line":2,"column":48}},"2":{"start":{"line":3,"column":0},"end":{"line":3,"column":45}},"3":{"start":{"line":4,"column":0},"end":{"line":4,"column":61}},"4":{"start":{"line":5,"column":0},"end":{"line":5,"column":61}},"5":{"start":{"line":6,"column":0},"end":{"line":6,"column":55}},"6":{"start":{"line":13,"column":7},"end":{"line":13,"column":null}},"7":{"start":{"line":13,"column":13},"end":{"line":13,"column":28}},"8":{"start":{"line":13,"column":13},"end":{"line":13,"column":null}}},"fnMap":{},"branchMap":{},"s":{"0":0,"1":0,"2":0,"3":0,"4":0,"5":0,"6":0,"7":0,"8":0},"f":{},"b":{}}
,"C:\\Users\\Arthur HASS\\Desktop\\DivProtocol-Exo\\exo3-codebase\\src\\documents\\documents.repository.ts": {"path":"C:\\Users\\Arthur HASS\\Desktop\\DivProtocol-Exo\\exo3-codebase\\src\\documents\\documents.repository.ts","statementMap":{"0":{"start":{"line":1,"column":0},"end":{"line":1,"column":44}},"1":{"start":{"line":2,"column":0},"end":{"line":2,"column":51}},"2":{"start":{"line":3,"column":0},"end":{"line":3,"column":37}},"3":{"start":{"line":4,"column":0},"end":{"line":4,"column":45}},"4":{"start":{"line":5,"column":0},"end":{"line":5,"column":62}},"5":{"start":{"line":17,"column":7},"end":{"line":73,"column":null}},"6":{"start":{"line":20,"column":21},"end":{"line":20,"column":27}},"7":{"start":{"line":24,"column":49},"end":{"line":24,"column":56}},"8":{"start":{"line":25,"column":15},"end":{"line":25,"column":55}},"9":{"start":{"line":27,"column":4},"end":{"line":27,"column":69}},"10":{"start":{"line":27,"column":16},"end":{"line":27,"column":69}},"11":{"start":{"line":28,"column":4},"end":{"line":28,"column":61}},"12":{"start":{"line":28,"column":14},"end":{"line":28,"column":61}},"13":{"start":{"line":29,"column":4},"end":{"line":29,"column":65}},"14":{"start":{"line":29,"column":15},"end":{"line":29,"column":65}},"15":{"start":{"line":31,"column":4},"end":{"line":31,"column":45}},"16":{"start":{"line":32,"column":4},"end":{"line":32,"column":44}},"17":{"start":{"line":34,"column":4},"end":{"line":34,"column":32}},"18":{"start":{"line":38,"column":4},"end":{"line":38,"column":39}},"19":{"start":{"line":42,"column":15},"end":{"line":42,"column":55}},"20":{"start":{"line":43,"column":4},"end":{"line":43,"column":77}},"21":{"start":{"line":44,"column":4},"end":{"line":44,"column":65}},"22":{"start":{"line":44,"column":15},"end":{"line":44,"column":65}},"23":{"start":{"line":45,"column":4},"end":{"line":45,"column":24}},"24":{"start":{"line":49,"column":4},"end":{"line":49,"column":34}},"25":{"start":{"line":53,"column":4},"end":{"line":53,"column":36}},"26":{"start":{"line":57,"column":4},"end":{"line":57,"column":38}},"27":{"start":{"line":61,"column":21},"end":{"line":61,"column":50}},"28":{"start":{"line":62,"column":19},"end":{"line":63,"column":null}},"29":{"start":{"line":63,"column":31},"end":{"line":63,"column":69}},"30":{"start":{"line":65,"column":4},"end":{"line":67,"column":40}},"31":{"start":{"line":66,"column":34},"end":{"line":66,"column":53}},"32":{"start":{"line":71,"column":4},"end":{"line":71,"column":29}},"33":{"start":{"line":17,"column":13},"end":{"line":17,"column":32}},"34":{"start":{"line":17,"column":13},"end":{"line":73,"column":null}}},"fnMap":{"0":{"name":"(anonymous_4)","decl":{"start":{"line":18,"column":2},"end":{"line":18,"column":null}},"loc":{"start":{"line":20,"column":47},"end":{"line":21,"column":7}}},"1":{"name":"(anonymous_5)","decl":{"start":{"line":23,"column":2},"end":{"line":23,"column":7}},"loc":{"start":{"line":23,"column":39},"end":{"line":35,"column":3}}},"2":{"name":"(anonymous_6)","decl":{"start":{"line":37,"column":2},"end":{"line":37,"column":10}},"loc":{"start":{"line":37,"column":21},"end":{"line":39,"column":3}}},"3":{"name":"(anonymous_7)","decl":{"start":{"line":41,"column":2},"end":{"line":41,"column":15}},"loc":{"start":{"line":41,"column":41},"end":{"line":46,"column":3}}},"4":{"name":"(anonymous_8)","decl":{"start":{"line":48,"column":2},"end":{"line":48,"column":8}},"loc":{"start":{"line":48,"column":32},"end":{"line":50,"column":3}}},"5":{"name":"(anonymous_9)","decl":{"start":{"line":52,"column":2},"end":{"line":52,"column":6}},"loc":{"start":{"line":52,"column":25},"end":{"line":54,"column":3}}},"6":{"name":"(anonymous_10)","decl":{"start":{"line":56,"column":2},"end":{"line":56,"column":8}},"loc":{"start":{"line":56,"column":27},"end":{"line":58,"column":3}}},"7":{"name":"(anonymous_11)","decl":{"start":{"line":60,"column":2},"end":{"line":60,"column":7}},"loc":{"start":{"line":60,"column":21},"end":{"line":68,"column":3}}},"8":{"name":"(anonymous_12)","decl":{"start":{"line":63,"column":19},"end":{"line":63,"column":20}},"loc":{"start":{"line":63,"column":31},"end":{"line":63,"column":69}}},"9":{"name":"(anonymous_13)","decl":{"start":{"line":66,"column":19},"end":{"line":66,"column":20}},"loc":{"start":{"line":66,"column":34},"end":{"line":66,"column":53}}},"10":{"name":"(anonymous_14)","decl":{"start":{"line":70,"column":2},"end":{"line":70,"column":7}},"loc":{"start":{"line":70,"column":7},"end":{"line":72,"column":3}}}},"branchMap":{"0":{"loc":{"start":{"line":27,"column":4},"end":{"line":27,"column":69}},"type":"if","locations":[{"start":{"line":27,"column":4},"end":{"line":27,"column":69}}]},"1":{"loc":{"start":{"line":28,"column":4},"end":{"line":28,"column":61}},"type":"if","locations":[{"start":{"line":28,"column":4},"end":{"line":28,"column":61}}]},"2":{"loc":{"start":{"line":29,"column":4},"end":{"line":29,"column":65}},"type":"if","locations":[{"start":{"line":29,"column":4},"end":{"line":29,"column":65}}]},"3":{"loc":{"start":{"line":44,"column":4},"end":{"line":44,"column":65}},"type":"if","locations":[{"start":{"line":44,"column":4},"end":{"line":44,"column":65}}]}},"s":{"0":1,"1":1,"2":1,"3":1,"4":1,"5":1,"6":0,"7":0,"8":0,"9":0,"10":0,"11":0,"12":0,"13":0,"14":0,"15":0,"16":0,"17":0,"18":0,"19":0,"20":0,"21":0,"22":0,"23":0,"24":0,"25":0,"26":0,"27":0,"28":0,"29":0,"30":0,"31":0,"32":0,"33":1,"34":1},"f":{"0":0,"1":0,"2":0,"3":0,"4":0,"5":0,"6":0,"7":0,"8":0,"9":0,"10":0},"b":{"0":[0],"1":[0],"2":[0],"3":[0]}}
,"C:\\Users\\Arthur HASS\\Desktop\\DivProtocol-Exo\\exo3-codebase\\src\\documents\\documents.service.ts": {"path":"C:\\Users\\Arthur HASS\\Desktop\\DivProtocol-Exo\\exo3-codebase\\src\\documents\\documents.service.ts","statementMap":{"0":{"start":{"line":1,"column":0},"end":{"line":1,"column":122}},"1":{"start":{"line":3,"column":0},"end":{"line":3,"column":81}},"2":{"start":{"line":8,"column":0},"end":{"line":8,"column":61}},"3":{"start":{"line":27,"column":29},"end":{"line":140,"column":null}},"4":{"start":{"line":31,"column":21},"end":{"line":31,"column":42}},"5":{"start":{"line":28,"column":19},"end":{"line":28,"column":62}},"6":{"start":{"line":35,"column":58},"end":{"line":35,"column":63}},"7":{"start":{"line":37,"column":26},"end":{"line":43,"column":6}},"8":{"start":{"line":45,"column":4},"end":{"line":45,"column":70}},"9":{"start":{"line":46,"column":4},"end":{"line":46,"column":40}},"10":{"start":{"line":50,"column":21},"end":{"line":50,"column":64}},"11":{"start":{"line":51,"column":4},"end":{"line":53,"column":5}},"12":{"start":{"line":52,"column":6},"end":{"line":52,"column":72}},"13":{"start":{"line":54,"column":4},"end":{"line":54,"column":20}},"14":{"start":{"line":58,"column":20},"end":{"line":58,"column":74}},"15":{"start":{"line":59,"column":4},"end":{"line":59,"column":72}},"16":{"start":{"line":60,"column":4},"end":{"line":60,"column":19}},"17":{"start":{"line":64,"column":21},"end":{"line":70,"column":6}},"18":{"start":{"line":72,"column":18},"end":{"line":72,"column":63}},"19":{"start":{"line":73,"column":4},"end":{"line":73,"column":78}},"20":{"start":{"line":74,"column":4},"end":{"line":74,"column":17}},"21":{"start":{"line":78,"column":21},"end":{"line":78,"column":43}},"22":{"start":{"line":80,"column":4},"end":{"line":80,"column":60}},"23":{"start":{"line":80,"column":33},"end":{"line":80,"column":60}},"24":{"start":{"line":81,"column":4},"end":{"line":81,"column":86}},"25":{"start":{"line":81,"column":39},"end":{"line":81,"column":86}},"26":{"start":{"line":82,"column":4},"end":{"line":82,"column":57}},"27":{"start":{"line":82,"column":32},"end":{"line":82,"column":57}},"28":{"start":{"line":83,"column":4},"end":{"line":83,"column":77}},"29":{"start":{"line":83,"column":36},"end":{"line":83,"column":77}},"30":{"start":{"line":84,"column":4},"end":{"line":84,"column":69}},"31":{"start":{"line":84,"column":36},"end":{"line":84,"column":69}},"32":{"start":{"line":86,"column":18},"end":{"line":86,"column":63}},"33":{"start":{"line":87,"column":4},"end":{"line":87,"column":49}},"34":{"start":{"line":88,"column":4},"end":{"line":88,"column":17}},"35":{"start":{"line":92,"column":21},"end":{"line":92,"column":43}},"36":{"start":{"line":93,"column":34},"end":{"line":93,"column":37}},"37":{"start":{"line":95,"column":31},"end":{"line":95,"column":65}},"38":{"start":{"line":97,"column":4},"end":{"line":102,"column":5}},"39":{"start":{"line":98,"column":6},"end":{"line":101,"column":8}},"40":{"start":{"line":104,"column":4},"end":{"line":104,"column":32}},"41":{"start":{"line":105,"column":18},"end":{"line":105,"column":63}},"42":{"start":{"line":106,"column":4},"end":{"line":106,"column":72}},"43":{"start":{"line":107,"column":4},"end":{"line":107,"column":17}},"44":{"start":{"line":111,"column":21},"end":{"line":111,"column":43}},"45":{"start":{"line":113,"column":4},"end":{"line":117,"column":5}},"46":{"start":{"line":114,"column":6},"end":{"line":116,"column":8}},"47":{"start":{"line":119,"column":4},"end":{"line":119,"column":52}},"48":{"start":{"line":120,"column":4},"end":{"line":120,"column":49}},"49":{"start":{"line":124,"column":30},"end":{"line":127,"column":6}},"50":{"start":{"line":129,"column":4},"end":{"line":129,"column":53}},"51":{"start":{"line":131,"column":4},"end":{"line":138,"column":6}},"52":{"start":{"line":27,"column":13},"end":{"line":27,"column":29}},"53":{"start":{"line":27,"column":13},"end":{"line":140,"column":null}}},"fnMap":{"0":{"name":"(anonymous_2)","decl":{"start":{"line":30,"column":2},"end":{"line":30,"column":null}},"loc":{"start":{"line":31,"column":61},"end":{"line":32,"column":7}}},"1":{"name":"(anonymous_3)","decl":{"start":{"line":34,"column":2},"end":{"line":34,"column":7}},"loc":{"start":{"line":34,"column":39},"end":{"line":47,"column":3}}},"2":{"name":"(anonymous_4)","decl":{"start":{"line":49,"column":2},"end":{"line":49,"column":7}},"loc":{"start":{"line":49,"column":26},"end":{"line":55,"column":3}}},"3":{"name":"(anonymous_5)","decl":{"start":{"line":57,"column":2},"end":{"line":57,"column":7}},"loc":{"start":{"line":57,"column":40},"end":{"line":61,"column":3}}},"4":{"name":"(anonymous_6)","decl":{"start":{"line":63,"column":2},"end":{"line":63,"column":7}},"loc":{"start":{"line":63,"column":37},"end":{"line":75,"column":3}}},"5":{"name":"(anonymous_7)","decl":{"start":{"line":77,"column":2},"end":{"line":77,"column":7}},"loc":{"start":{"line":77,"column":49},"end":{"line":89,"column":3}}},"6":{"name":"(anonymous_8)","decl":{"start":{"line":91,"column":2},"end":{"line":91,"column":7}},"loc":{"start":{"line":91,"column":53},"end":{"line":108,"column":3}}},"7":{"name":"(anonymous_9)","decl":{"start":{"line":110,"column":2},"end":{"line":110,"column":7}},"loc":{"start":{"line":110,"column":25},"end":{"line":121,"column":3}}},"8":{"name":"(anonymous_10)","decl":{"start":{"line":123,"column":2},"end":{"line":123,"column":7}},"loc":{"start":{"line":123,"column":16},"end":{"line":139,"column":3}}}},"branchMap":{"0":{"loc":{"start":{"line":35,"column":33},"end":{"line":35,"column":41}},"type":"default-arg","locations":[{"start":{"line":35,"column":40},"end":{"line":35,"column":41}}]},"1":{"loc":{"start":{"line":35,"column":43},"end":{"line":35,"column":53}},"type":"default-arg","locations":[{"start":{"line":35,"column":51},"end":{"line":35,"column":53}}]},"2":{"loc":{"start":{"line":51,"column":4},"end":{"line":53,"column":5}},"type":"if","locations":[{"start":{"line":51,"column":4},"end":{"line":53,"column":5}}]},"3":{"loc":{"start":{"line":67,"column":19},"end":{"line":67,"column":42}},"type":"binary-expr","locations":[{"start":{"line":67,"column":19},"end":{"line":67,"column":34}},{"start":{"line":67,"column":38},"end":{"line":67,"column":42}}]},"4":{"loc":{"start":{"line":68,"column":16},"end":{"line":68,"column":36}},"type":"binary-expr","locations":[{"start":{"line":68,"column":16},"end":{"line":68,"column":28}},{"start":{"line":68,"column":32},"end":{"line":68,"column":36}}]},"5":{"loc":{"start":{"line":69,"column":16},"end":{"line":69,"column":33}},"type":"binary-expr","locations":[{"start":{"line":69,"column":16},"end":{"line":69,"column":28}},{"start":{"line":69,"column":32},"end":{"line":69,"column":33}}]},"6":{"loc":{"start":{"line":80,"column":4},"end":{"line":80,"column":60}},"type":"if","locations":[{"start":{"line":80,"column":4},"end":{"line":80,"column":60}}]},"7":{"loc":{"start":{"line":81,"column":4},"end":{"line":81,"column":86}},"type":"if","locations":[{"start":{"line":81,"column":4},"end":{"line":81,"column":86}}]},"8":{"loc":{"start":{"line":81,"column":62},"end":{"line":81,"column":85}},"type":"binary-expr","locations":[{"start":{"line":81,"column":62},"end":{"line":81,"column":77}},{"start":{"line":81,"column":81},"end":{"line":81,"column":85}}]},"9":{"loc":{"start":{"line":82,"column":4},"end":{"line":82,"column":57}},"type":"if","locations":[{"start":{"line":82,"column":4},"end":{"line":82,"column":57}}]},"10":{"loc":{"start":{"line":83,"column":4},"end":{"line":83,"column":77}},"type":"if","locations":[{"start":{"line":83,"column":4},"end":{"line":83,"column":77}}]},"11":{"loc":{"start":{"line":83,"column":56},"end":{"line":83,"column":76}},"type":"binary-expr","locations":[{"start":{"line":83,"column":56},"end":{"line":83,"column":68}},{"start":{"line":83,"column":72},"end":{"line":83,"column":76}}]},"12":{"loc":{"start":{"line":84,"column":4},"end":{"line":84,"column":69}},"type":"if","locations":[{"start":{"line":84,"column":4},"end":{"line":84,"column":69}}]},"13":{"loc":{"start":{"line":97,"column":4},"end":{"line":102,"column":5}},"type":"if","locations":[{"start":{"line":97,"column":4},"end":{"line":102,"column":5}}]},"14":{"loc":{"start":{"line":100,"column":20},"end":{"line":100,"column":86}},"type":"cond-expr","locations":[{"start":{"line":100,"column":48},"end":{"line":100,"column":77}},{"start":{"line":100,"column":80},"end":{"line":100,"column":86}}]},"15":{"loc":{"start":{"line":113,"column":4},"end":{"line":117,"column":5}},"type":"if","locations":[{"start":{"line":113,"column":4},"end":{"line":117,"column":5}}]}},"s":{"0":1,"1":1,"2":1,"3":1,"4":18,"5":18,"6":0,"7":0,"8":0,"9":0,"10":12,"11":12,"12":2,"13":10,"14":0,"15":0,"16":0,"17":6,"18":6,"19":6,"20":6,"21":0,"22":0,"23":0,"24":0,"25":0,"26":0,"27":0,"28":0,"29":0,"30":0,"31":0,"32":0,"33":0,"34":0,"35":8,"36":7,"37":7,"38":7,"39":2,"40":5,"41":5,"42":5,"43":5,"44":4,"45":3,"46":1,"47":2,"48":2,"49":0,"50":0,"51":0,"52":1,"53":1},"f":{"0":18,"1":0,"2":12,"3":0,"4":6,"5":0,"6":8,"7":4,"8":0},"b":{"0":[0],"1":[0],"2":[2],"3":[6,6],"4":[6,6],"5":[6,6],"6":[0],"7":[0],"8":[0,0],"9":[0],"10":[0],"11":[0,0],"12":[0],"13":[2],"14":[1,1],"15":[1]}}
,"C:\\Users\\Arthur HASS\\Desktop\\DivProtocol-Exo\\exo3-codebase\\src\\documents\\dto\\change-status.dto.ts": {"path":"C:\\Users\\Arthur HASS\\Desktop\\DivProtocol-Exo\\exo3-codebase\\src\\documents\\dto\\change-status.dto.ts","statementMap":{"0":{"start":{"line":1,"column":0},"end":{"line":1,"column":46}},"1":{"start":{"line":2,"column":0},"end":{"line":2,"column":53}},"2":{"start":{"line":3,"column":0},"end":{"line":3,"column":63}},"3":{"start":{"line":5,"column":0},"end":{"line":5,"column":13}},"4":{"start":{"line":16,"column":2},"end":{"line":16,"column":null}}},"fnMap":{},"branchMap":{},"s":{"0":0,"1":0,"2":0,"3":0,"4":0},"f":{},"b":{}}
,"C:\\Users\\Arthur HASS\\Desktop\\DivProtocol-Exo\\exo3-codebase\\src\\documents\\dto\\create-document.dto.ts": {"path":"C:\\Users\\Arthur HASS\\Desktop\\DivProtocol-Exo\\exo3-codebase\\src\\documents\\dto\\create-document.dto.ts","statementMap":{"0":{"start":{"line":1,"column":0},"end":{"line":1,"column":67}},"1":{"start":{"line":2,"column":0},"end":{"line":2,"column":null}},"2":{"start":{"line":10,"column":0},"end":{"line":10,"column":59}},"3":{"start":{"line":12,"column":0},"end":{"line":12,"column":13}},"4":{"start":{"line":16,"column":2},"end":{"line":16,"column":null}},"5":{"start":{"line":21,"column":2},"end":{"line":21,"column":null}},"6":{"start":{"line":28,"column":2},"end":{"line":28,"column":null}},"7":{"start":{"line":33,"column":2},"end":{"line":33,"column":null}},"8":{"start":{"line":38,"column":2},"end":{"line":38,"column":null}},"9":{"start":{"line":44,"column":2},"end":{"line":44,"column":null}}},"fnMap":{},"branchMap":{},"s":{"0":0,"1":0,"2":0,"3":0,"4":0,"5":0,"6":0,"7":0,"8":0,"9":0},"f":{},"b":{}}
,"C:\\Users\\Arthur HASS\\Desktop\\DivProtocol-Exo\\exo3-codebase\\src\\documents\\dto\\list-documents.dto.ts": {"path":"C:\\Users\\Arthur HASS\\Desktop\\DivProtocol-Exo\\exo3-codebase\\src\\documents\\dto\\list-documents.dto.ts","statementMap":{"0":{"start":{"line":1,"column":0},"end":{"line":1,"column":41}},"1":{"start":{"line":2,"column":0},"end":{"line":2,"column":80}},"2":{"start":{"line":3,"column":0},"end":{"line":3,"column":63}},"3":{"start":{"line":4,"column":0},"end":{"line":4,"column":59}},"4":{"start":{"line":23,"column":2},"end":{"line":23,"column":20}},"5":{"start":{"line":30,"column":2},"end":{"line":30,"column":22}},"6":{"start":{"line":6,"column":0},"end":{"line":6,"column":13}},"7":{"start":{"line":9,"column":2},"end":{"line":9,"column":null}},"8":{"start":{"line":13,"column":2},"end":{"line":13,"column":null}},"9":{"start":{"line":17,"column":2},"end":{"line":17,"column":null}},"10":{"start":{"line":23,"column":2},"end":{"line":23,"column":null}},"11":{"start":{"line":19,"column":14},"end":{"line":19,"column":20}},"12":{"start":{"line":30,"column":2},"end":{"line":30,"column":null}},"13":{"start":{"line":25,"column":14},"end":{"line":25,"column":20}}},"fnMap":{"0":{"name":"(anonymous_2)","decl":{"start":{"line":6,"column":0},"end":{"line":6,"column":13}},"loc":{"start":{"line":6,"column":0},"end":{"line":31,"column":1}}},"1":{"name":"(anonymous_3)","decl":{"start":{"line":19,"column":8},"end":{"line":19,"column":11}},"loc":{"start":{"line":19,"column":14},"end":{"line":19,"column":20}}},"2":{"name":"(anonymous_4)","decl":{"start":{"line":25,"column":8},"end":{"line":25,"column":11}},"loc":{"start":{"line":25,"column":14},"end":{"line":25,"column":20}}}},"branchMap":{},"s":{"0":0,"1":0,"2":0,"3":0,"4":0,"5":0,"6":0,"7":0,"8":0,"9":0,"10":0,"11":0,"12":0,"13":0},"f":{"0":0,"1":0,"2":0},"b":{}}
,"C:\\Users\\Arthur HASS\\Desktop\\DivProtocol-Exo\\exo3-codebase\\src\\documents\\dto\\update-document.dto.ts": {"path":"C:\\Users\\Arthur HASS\\Desktop\\DivProtocol-Exo\\exo3-codebase\\src\\documents\\dto\\update-document.dto.ts","statementMap":{"0":{"start":{"line":1,"column":0},"end":{"line":1,"column":54}},"1":{"start":{"line":2,"column":0},"end":{"line":2,"column":78}},"2":{"start":{"line":3,"column":0},"end":{"line":3,"column":59}},"3":{"start":{"line":5,"column":0},"end":{"line":5,"column":13}},"4":{"start":{"line":9,"column":2},"end":{"line":9,"column":null}},"5":{"start":{"line":14,"column":2},"end":{"line":14,"column":null}},"6":{"start":{"line":21,"column":2},"end":{"line":21,"column":null}},"7":{"start":{"line":26,"column":2},"end":{"line":26,"column":null}},"8":{"start":{"line":32,"column":2},"end":{"line":32,"column":null}}},"fnMap":{},"branchMap":{},"s":{"0":0,"1":0,"2":0,"3":0,"4":0,"5":0,"6":0,"7":0,"8":0},"f":{},"b":{}}
,"C:\\Users\\Arthur HASS\\Desktop\\DivProtocol-Exo\\exo3-codebase\\src\\documents\\enums\\document-status.enum.ts": {"path":"C:\\Users\\Arthur HASS\\Desktop\\DivProtocol-Exo\\exo3-codebase\\src\\documents\\enums\\document-status.enum.ts","statementMap":{"0":{"start":{"line":1,"column":0},"end":{"line":1,"column":null}},"1":{"start":{"line":2,"column":2},"end":{"line":2,"column":null}},"2":{"start":{"line":3,"column":2},"end":{"line":3,"column":null}},"3":{"start":{"line":4,"column":2},"end":{"line":4,"column":null}},"4":{"start":{"line":5,"column":2},"end":{"line":5,"column":null}},"5":{"start":{"line":6,"column":2},"end":{"line":6,"column":null}},"6":{"start":{"line":9,"column":13},"end":{"line":15,"column":2}}},"fnMap":{"0":{"name":"(anonymous_0)","decl":{"start":{"line":1,"column":0},"end":{"line":1,"column":12}},"loc":{"start":{"line":1,"column":26},"end":{"line":7,"column":1}}}},"branchMap":{"0":{"loc":{"start":{"line":1,"column":12},"end":{"line":1,"column":null}},"type":"binary-expr","locations":[{"start":{"line":1,"column":12},"end":{"line":1,"column":26}},{"start":{"line":1,"column":26},"end":{"line":1,"column":null}}]}},"s":{"0":1,"1":1,"2":1,"3":1,"4":1,"5":1,"6":1},"f":{"0":1},"b":{"0":[1,1]}}
,"C:\\Users\\Arthur HASS\\Desktop\\DivProtocol-Exo\\exo3-codebase\\src\\documents\\enums\\document-type.enum.ts": {"path":"C:\\Users\\Arthur HASS\\Desktop\\DivProtocol-Exo\\exo3-codebase\\src\\documents\\enums\\document-type.enum.ts","statementMap":{"0":{"start":{"line":1,"column":0},"end":{"line":1,"column":null}},"1":{"start":{"line":2,"column":2},"end":{"line":2,"column":null}},"2":{"start":{"line":3,"column":2},"end":{"line":3,"column":null}},"3":{"start":{"line":4,"column":2},"end":{"line":4,"column":null}},"4":{"start":{"line":5,"column":2},"end":{"line":5,"column":null}},"5":{"start":{"line":6,"column":2},"end":{"line":6,"column":null}}},"fnMap":{"0":{"name":"(anonymous_0)","decl":{"start":{"line":1,"column":0},"end":{"line":1,"column":12}},"loc":{"start":{"line":1,"column":24},"end":{"line":7,"column":1}}}},"branchMap":{"0":{"loc":{"start":{"line":1,"column":12},"end":{"line":1,"column":null}},"type":"binary-expr","locations":[{"start":{"line":1,"column":12},"end":{"line":1,"column":24}},{"start":{"line":1,"column":24},"end":{"line":1,"column":null}}]}},"s":{"0":1,"1":1,"2":1,"3":1,"4":1,"5":1},"f":{"0":1},"b":{"0":[1,1]}}
}
