TN:
SF:src\app.module.ts
FN:22,(anonymous_1)
FNF:1
FNH:0
FNDA:0,(anonymous_1)
DA:1,0
DA:2,0
DA:3,0
DA:4,0
DA:5,0
DA:6,0
DA:8,0
DA:22,0
DA:38,0
LF:9
LH:0
BRDA:17,0,0,0
BRDA:17,0,1,0
BRF:2
BRH:0
end_of_record
TN:
SF:src\main.ts
FN:7,bootstrap
FNF:1
FNH:0
FNDA:0,bootstrap
DA:1,0
DA:2,0
DA:3,0
DA:4,0
DA:5,0
DA:8,0
DA:10,0
DA:12,0
DA:21,0
DA:31,0
DA:32,0
DA:38,0
DA:39,0
DA:42,0
LF:14
LH:0
BRDA:38,0,0,0
BRDA:38,0,1,0
BRF:2
BRH:0
end_of_record
TN:
SF:src\documents\document.entity.ts
FNF:0
FNH:0
DA:1,1
DA:2,1
DA:3,1
DA:6,1
DA:8,1
DA:11,1
DA:14,1
DA:17,1
DA:20,1
DA:23,1
DA:26,1
DA:29,1
DA:32,1
DA:35,1
LF:14
LH:14
BRF:0
BRH:0
end_of_record
TN:
SF:src\documents\documents.controller.ts
FN:14,(anonymous_4)
FN:24,(anonymous_5)
FN:33,(anonymous_6)
FN:40,(anonymous_7)
FN:49,(anonymous_8)
FN:57,(anonymous_9)
FN:66,(anonymous_10)
FN:79,(anonymous_11)
FN:89,(anonymous_12)
FNF:9
FNH:0
FNDA:0,(anonymous_4)
FNDA:0,(anonymous_5)
FNDA:0,(anonymous_6)
FNDA:0,(anonymous_7)
FNDA:0,(anonymous_8)
FNDA:0,(anonymous_9)
FNDA:0,(anonymous_10)
FNDA:0,(anonymous_11)
FNDA:0,(anonymous_12)
DA:1,0
DA:2,0
DA:3,0
DA:4,0
DA:5,0
DA:6,0
DA:7,0
DA:8,0
DA:9,0
DA:13,0
DA:14,0
DA:24,0
DA:25,0
DA:33,0
DA:34,0
DA:40,0
DA:41,0
DA:49,0
DA:50,0
DA:57,0
DA:58,0
DA:66,0
DA:67,0
DA:79,0
DA:80,0
DA:89,0
DA:90,0
LF:27
LH:0
BRDA:34,0,0,0
BRDA:34,0,1,0
BRF:2
BRH:0
end_of_record
TN:
SF:src\documents\documents.module.ts
FNF:0
FNH:0
DA:1,0
DA:2,0
DA:3,0
DA:4,0
DA:5,0
DA:6,0
DA:13,0
LF:7
LH:0
BRF:0
BRH:0
end_of_record
TN:
SF:src\documents\documents.repository.ts
FN:18,(anonymous_4)
FN:23,(anonymous_5)
FN:37,(anonymous_6)
FN:41,(anonymous_7)
FN:48,(anonymous_8)
FN:52,(anonymous_9)
FN:56,(anonymous_10)
FN:60,(anonymous_11)
FN:63,(anonymous_12)
FN:66,(anonymous_13)
FN:70,(anonymous_14)
FNF:11
FNH:0
FNDA:0,(anonymous_4)
FNDA:0,(anonymous_5)
FNDA:0,(anonymous_6)
FNDA:0,(anonymous_7)
FNDA:0,(anonymous_8)
FNDA:0,(anonymous_9)
FNDA:0,(anonymous_10)
FNDA:0,(anonymous_11)
FNDA:0,(anonymous_12)
FNDA:0,(anonymous_13)
FNDA:0,(anonymous_14)
DA:1,1
DA:2,1
DA:3,1
DA:4,1
DA:5,1
DA:17,1
DA:20,0
DA:24,0
DA:25,0
DA:27,0
DA:28,0
DA:29,0
DA:31,0
DA:32,0
DA:34,0
DA:38,0
DA:42,0
DA:43,0
DA:44,0
DA:45,0
DA:49,0
DA:53,0
DA:57,0
DA:61,0
DA:62,0
DA:63,0
DA:65,0
DA:66,0
DA:71,0
LF:29
LH:6
BRDA:27,0,0,0
BRDA:28,1,0,0
BRDA:29,2,0,0
BRDA:44,3,0,0
BRF:4
BRH:0
end_of_record
TN:
SF:src\documents\documents.service.ts
FN:30,(anonymous_2)
FN:34,(anonymous_3)
FN:49,(anonymous_4)
FN:57,(anonymous_5)
FN:63,(anonymous_6)
FN:77,(anonymous_7)
FN:91,(anonymous_8)
FN:110,(anonymous_9)
FN:123,(anonymous_10)
FNF:9
FNH:5
FNDA:18,(anonymous_2)
FNDA:0,(anonymous_3)
FNDA:12,(anonymous_4)
FNDA:0,(anonymous_5)
FNDA:6,(anonymous_6)
FNDA:0,(anonymous_7)
FNDA:8,(anonymous_8)
FNDA:4,(anonymous_9)
FNDA:0,(anonymous_10)
DA:1,1
DA:3,1
DA:8,1
DA:27,1
DA:28,18
DA:31,18
DA:35,0
DA:37,0
DA:45,0
DA:46,0
DA:50,12
DA:51,12
DA:52,2
DA:54,10
DA:58,0
DA:59,0
DA:60,0
DA:64,6
DA:72,6
DA:73,6
DA:74,6
DA:78,0
DA:80,0
DA:81,0
DA:82,0
DA:83,0
DA:84,0
DA:86,0
DA:87,0
DA:88,0
DA:92,8
DA:93,7
DA:95,7
DA:97,7
DA:98,2
DA:104,5
DA:105,5
DA:106,5
DA:107,5
DA:111,4
DA:113,3
DA:114,1
DA:119,2
DA:120,2
DA:124,0
DA:129,0
DA:131,0
LF:47
LH:28
BRDA:35,0,0,0
BRDA:35,1,0,0
BRDA:51,2,0,2
BRDA:67,3,0,6
BRDA:67,3,1,6
BRDA:68,4,0,6
BRDA:68,4,1,6
BRDA:69,5,0,6
BRDA:69,5,1,6
BRDA:80,6,0,0
BRDA:81,7,0,0
BRDA:81,8,0,0
BRDA:81,8,1,0
BRDA:82,9,0,0
BRDA:83,10,0,0
BRDA:83,11,0,0
BRDA:83,11,1,0
BRDA:84,12,0,0
BRDA:97,13,0,2
BRDA:100,14,0,1
BRDA:100,14,1,1
BRDA:113,15,0,1
BRF:22
BRH:11
end_of_record
TN:
SF:src\documents\dto\change-status.dto.ts
FNF:0
FNH:0
DA:1,0
DA:2,0
DA:3,0
DA:5,0
DA:16,0
LF:5
LH:0
BRF:0
BRH:0
end_of_record
TN:
SF:src\documents\dto\create-document.dto.ts
FNF:0
FNH:0
DA:1,0
DA:2,0
DA:10,0
DA:12,0
DA:16,0
DA:21,0
DA:28,0
DA:33,0
DA:38,0
DA:44,0
LF:10
LH:0
BRF:0
BRH:0
end_of_record
TN:
SF:src\documents\dto\list-documents.dto.ts
FN:6,(anonymous_2)
FN:19,(anonymous_3)
FN:25,(anonymous_4)
FNF:3
FNH:0
FNDA:0,(anonymous_2)
FNDA:0,(anonymous_3)
FNDA:0,(anonymous_4)
DA:1,0
DA:2,0
DA:3,0
DA:4,0
DA:6,0
DA:9,0
DA:13,0
DA:17,0
DA:19,0
DA:23,0
DA:25,0
DA:30,0
LF:12
LH:0
BRF:0
BRH:0
end_of_record
TN:
SF:src\documents\dto\update-document.dto.ts
FNF:0
FNH:0
DA:1,0
DA:2,0
DA:3,0
DA:5,0
DA:9,0
DA:14,0
DA:21,0
DA:26,0
DA:32,0
LF:9
LH:0
BRF:0
BRH:0
end_of_record
TN:
SF:src\documents\enums\document-status.enum.ts
FN:1,(anonymous_0)
FNF:1
FNH:1
FNDA:1,(anonymous_0)
DA:1,1
DA:2,1
DA:3,1
DA:4,1
DA:5,1
DA:6,1
DA:9,1
LF:7
LH:7
BRDA:1,0,0,1
BRDA:1,0,1,1
BRF:2
BRH:2
end_of_record
TN:
SF:src\documents\enums\document-type.enum.ts
FN:1,(anonymous_0)
FNF:1
FNH:1
FNDA:1,(anonymous_0)
DA:1,1
DA:2,1
DA:3,1
DA:4,1
DA:5,1
DA:6,1
LF:6
LH:6
BRDA:1,0,0,1
BRDA:1,0,1,1
BRF:2
BRH:2
end_of_record
